D:\Microsoft Visual Studio\2022\Community\MSBuild\Microsoft\VC\v170\Microsoft.CppBuild.targets(524,5): warning MSB8004: Output 目录未以斜杠结尾。  此生成实例将添加斜杠，因为必须有这个斜杠才能正确计算 Output 目录。
  Exports.cpp
  JobSystem.cpp
E:\Code\CSharpNativeProject\external\cpp-taskflow\taskflow\observer\tfprof.hpp(1,1): warning C4819: 该文件包含不能在当前代码页(936)中表示的字符。请将该文件保存为 Unicode 格式以防止数据丢失
  (编译源文件“JobSystem.cpp”)
  
E:\Code\CSharpNativeProject\external\cpp-taskflow\taskflow\core\graph.hpp(1,1): warning C4819: 该文件包含不能在当前代码页(936)中表示的字符。请将该文件保存为 Unicode 格式以防止数据丢失
  (编译源文件“JobSystem.cpp”)
  
E:\Code\CSharpNativeProject\external\cpp-taskflow\taskflow\utility\iterator.hpp(1,1): warning C4819: 该文件包含不能在当前代码页(936)中表示的字符。请将该文件保存为 Unicode 格式以防止数据丢失
  (编译源文件“JobSystem.cpp”)
  
E:\Code\CSharpNativeProject\external\cpp-taskflow\taskflow\utility\serializer.hpp(1,1): warning C4819: 该文件包含不能在当前代码页(936)中表示的字符。请将该文件保存为 Unicode 格式以防止数据丢失
  (编译源文件“JobSystem.cpp”)
  
E:\Code\CSharpNativeProject\external\cpp-taskflow\taskflow\core\wsq.hpp(1,1): warning C4819: 该文件包含不能在当前代码页(936)中表示的字符。请将该文件保存为 Unicode 格式以防止数据丢失
  (编译源文件“JobSystem.cpp”)
  
E:\Code\CSharpNativeProject\external\cpp-taskflow\taskflow\core\wsq.hpp(905,1): warning C4819: 该文件包含不能在当前代码页(936)中表示的字符。请将该文件保存为 Unicode 格式以防止数据丢失
  (编译源文件“JobSystem.cpp”)
  
E:\Code\CSharpNativeProject\external\cpp-taskflow\taskflow\core\nonblocking_notifier.hpp(1,1): warning C4819: 该文件包含不能在当前代码页(936)中表示的字符。请将该文件保存为 Unicode 格式以防止数据丢失
  (编译源文件“JobSystem.cpp”)
  
E:\Code\CSharpNativeProject\external\cpp-taskflow\taskflow\core\taskflow.hpp(1,1): warning C4819: 该文件包含不能在当前代码页(936)中表示的字符。请将该文件保存为 Unicode 格式以防止数据丢失
  (编译源文件“JobSystem.cpp”)
  
E:\Code\CSharpNativeProject\external\cpp-taskflow\taskflow\core\async_task.hpp(1,1): warning C4819: 该文件包含不能在当前代码页(936)中表示的字符。请将该文件保存为 Unicode 格式以防止数据丢失
  (编译源文件“JobSystem.cpp”)
  
E:\Code\CSharpNativeProject\external\cpp-taskflow\taskflow\core\executor.hpp(910,1): warning C4819: 该文件包含不能在当前代码页(936)中表示的字符。请将该文件保存为 Unicode 格式以防止数据丢失
  (编译源文件“JobSystem.cpp”)
  
E:\Code\CSharpNativeProject\external\cpp-taskflow\taskflow\core\executor.hpp(1803,1): warning C4819: 该文件包含不能在当前代码页(936)中表示的字符。请将该文件保存为 Unicode 格式以防止数据丢失
  (编译源文件“JobSystem.cpp”)
  
E:\Code\CSharpNativeProject\external\cpp-taskflow\taskflow\core\async.hpp(1,1): warning C4819: 该文件包含不能在当前代码页(936)中表示的字符。请将该文件保存为 Unicode 格式以防止数据丢失
  (编译源文件“JobSystem.cpp”)
  
  Native.cpp
  tasksys.cpp
  正在生成代码...
    正在创建库 ..\..\bin\NativeDll.lib 和对象 ..\..\bin\NativeDll.exp
  NativeDll.vcxproj -> E:\Code\CSharpNativeProject\bin\NativeDll.dll
